2019-10-14 10:49:36,835 - [INFO] - from org.deeplearning4j.zoo.ZooModel in main
				
Downloading model to /home/cesarsv/.deeplearning4j/vgg16_dl4j_inference.zip

2019-10-14 10:54:51,831 - [INFO] - from org.deeplearning4j.zoo.ZooModel in main
				
Using cached model at /home/cesarsv/.deeplearning4j/vgg16_dl4j_inference.zip

2019-10-14 10:54:51,876 - [INFO] - from org.deeplearning4j.zoo.ZooModel in main
				
Verifying download...

2019-10-14 10:54:52,201 - [INFO] - from org.deeplearning4j.zoo.ZooModel in main
				
Checksum local is 4145904490, expecting 3501732770

2019-10-14 10:54:52,202 - [ERROR] - from org.deeplearning4j.zoo.ZooModel in main
				
Checksums do not match. Cleaning up files and failing...

2019-10-14 10:57:36,248 - [INFO] - from org.deeplearning4j.zoo.ZooModel in main
				
Downloading model to /home/cesarsv/.deeplearning4j/vgg16_dl4j_inference.zip

2019-10-14 10:57:38,260 - [INFO] - from org.deeplearning4j.zoo.ZooModel in main
				
Downloading model to /home/cesarsv/.deeplearning4j/vgg16_dl4j_inference.zip

2019-10-14 11:38:33,324 - [INFO] - from org.deeplearning4j.zoo.ZooModel in main
				
Verifying download...

2019-10-14 11:38:33,638 - [INFO] - from org.deeplearning4j.zoo.ZooModel in main
				
Checksum local is 3501732770, expecting 3501732770

2019-10-14 11:38:39,885 - [INFO] - from org.deeplearning4j.nn.graph.ComputationGraph in main
				
Starting ComputationGraph with WorkspaceModes set to [training: NONE; inference: SINGLE]

2019-10-14 11:49:13,992 - [INFO] - from org.deeplearning4j.zoo.ZooModel in main
				
Using cached model at /home/cesarsv/.deeplearning4j/vgg16_dl4j_inference.zip

2019-10-14 11:49:13,998 - [INFO] - from org.deeplearning4j.zoo.ZooModel in main
				
Verifying download...

2019-10-14 11:49:14,601 - [INFO] - from org.deeplearning4j.zoo.ZooModel in main
				
Checksum local is 3501732770, expecting 3501732770

2019-10-14 11:49:28,250 - [INFO] - from org.deeplearning4j.nn.graph.ComputationGraph in main
				
Starting ComputationGraph with WorkspaceModes set to [training: NONE; inference: SINGLE]

2019-10-14 11:50:14,392 - [INFO] - from org.deeplearning4j.zoo.ZooModel in main
				
Using cached model at /home/cesarsv/.deeplearning4j/vgg16_dl4j_inference.zip

2019-10-14 11:50:14,398 - [INFO] - from org.deeplearning4j.zoo.ZooModel in main
				
Verifying download...

2019-10-14 11:50:15,016 - [INFO] - from org.deeplearning4j.zoo.ZooModel in main
				
Checksum local is 3501732770, expecting 3501732770

2019-10-14 11:50:29,367 - [INFO] - from org.deeplearning4j.nn.graph.ComputationGraph in main
				
Starting ComputationGraph with WorkspaceModes set to [training: NONE; inference: SINGLE]

2019-10-14 13:31:26,043 - [INFO] - from org.deeplearning4j.zoo.ZooModel in main
				
Using cached model at /home/cesarsv/.deeplearning4j/vgg16_dl4j_inference.zip

2019-10-14 13:31:26,046 - [INFO] - from org.deeplearning4j.zoo.ZooModel in main
				
Verifying download...

2019-10-14 13:31:26,362 - [INFO] - from org.deeplearning4j.zoo.ZooModel in main
				
Checksum local is 3501732770, expecting 3501732770

2019-10-14 13:31:39,913 - [INFO] - from org.deeplearning4j.nn.graph.ComputationGraph in main
				
Starting ComputationGraph with WorkspaceModes set to [training: NONE; inference: SINGLE]

2019-10-14 13:32:43,370 - [INFO] - from org.deeplearning4j.zoo.ZooModel in main
				
Using cached model at /home/cesarsv/.deeplearning4j/vgg16_dl4j_inference.zip

2019-10-14 13:32:43,377 - [INFO] - from org.deeplearning4j.zoo.ZooModel in main
				
Verifying download...

2019-10-14 13:32:43,762 - [INFO] - from org.deeplearning4j.zoo.ZooModel in main
				
Checksum local is 3501732770, expecting 3501732770

2019-10-14 13:32:57,284 - [INFO] - from org.deeplearning4j.nn.graph.ComputationGraph in main
				
Starting ComputationGraph with WorkspaceModes set to [training: NONE; inference: SINGLE]

2019-10-14 13:33:25,466 - [INFO] - from org.deeplearning4j.zoo.ZooModel in main
				
Using cached model at /home/cesarsv/.deeplearning4j/vgg16_dl4j_inference.zip

2019-10-14 13:33:25,470 - [INFO] - from org.deeplearning4j.zoo.ZooModel in main
				
Verifying download...

2019-10-14 13:33:25,779 - [INFO] - from org.deeplearning4j.zoo.ZooModel in main
				
Checksum local is 3501732770, expecting 3501732770

2019-10-14 13:33:39,610 - [INFO] - from org.deeplearning4j.nn.graph.ComputationGraph in main
				
Starting ComputationGraph with WorkspaceModes set to [training: NONE; inference: SINGLE]

2019-10-14 13:40:15,567 - [INFO] - from org.deeplearning4j.zoo.ZooModel in main
				
Using cached model at /home/cesarsv/.deeplearning4j/vgg16_dl4j_inference.zip

2019-10-14 13:40:15,569 - [INFO] - from org.deeplearning4j.zoo.ZooModel in main
				
Verifying download...

2019-10-14 13:40:15,893 - [INFO] - from org.deeplearning4j.zoo.ZooModel in main
				
Checksum local is 3501732770, expecting 3501732770

2019-10-14 13:40:29,304 - [INFO] - from org.deeplearning4j.nn.graph.ComputationGraph in main
				
Starting ComputationGraph with WorkspaceModes set to [training: NONE; inference: SINGLE]

2019-10-14 13:43:58,973 - [INFO] - from org.deeplearning4j.zoo.ZooModel in main
				
Using cached model at /home/cesarsv/.deeplearning4j/vgg16_dl4j_inference.zip

2019-10-14 13:43:58,977 - [INFO] - from org.deeplearning4j.zoo.ZooModel in main
				
Verifying download...

2019-10-14 13:43:59,590 - [INFO] - from org.deeplearning4j.zoo.ZooModel in main
				
Checksum local is 3501732770, expecting 3501732770

2019-10-14 13:44:13,491 - [INFO] - from org.deeplearning4j.nn.graph.ComputationGraph in main
				
Starting ComputationGraph with WorkspaceModes set to [training: NONE; inference: SINGLE]

2019-10-14 13:46:54,731 - [INFO] - from org.deeplearning4j.zoo.ZooModel in main
				
Using cached model at /home/cesarsv/.deeplearning4j/vgg16_dl4j_inference.zip

2019-10-14 13:46:54,742 - [INFO] - from org.deeplearning4j.zoo.ZooModel in main
				
Verifying download...

2019-10-14 13:46:55,067 - [INFO] - from org.deeplearning4j.zoo.ZooModel in main
				
Checksum local is 3501732770, expecting 3501732770

2019-10-14 13:47:08,503 - [INFO] - from org.deeplearning4j.nn.graph.ComputationGraph in main
				
Starting ComputationGraph with WorkspaceModes set to [training: NONE; inference: SINGLE]

2019-10-14 15:49:26,779 - [INFO] - from org.deeplearning4j.zoo.ZooModel in main
				
Using cached model at /home/cesarsv/.deeplearning4j/vgg16_dl4j_inference.zip

2019-10-14 15:49:26,781 - [INFO] - from org.deeplearning4j.zoo.ZooModel in main
				
Verifying download...

2019-10-14 15:49:27,383 - [INFO] - from org.deeplearning4j.zoo.ZooModel in main
				
Checksum local is 3501732770, expecting 3501732770

2019-10-14 15:49:40,757 - [INFO] - from org.deeplearning4j.nn.graph.ComputationGraph in main
				
Starting ComputationGraph with WorkspaceModes set to [training: NONE; inference: SINGLE]

2019-10-14 16:16:00,281 - [INFO] - from org.deeplearning4j.zoo.ZooModel in main
				
Using cached model at /home/cesarsv/.deeplearning4j/vgg16_dl4j_inference.zip

2019-10-14 16:16:00,283 - [INFO] - from org.deeplearning4j.zoo.ZooModel in main
				
Verifying download...

2019-10-14 16:16:00,571 - [INFO] - from org.deeplearning4j.zoo.ZooModel in main
				
Checksum local is 3501732770, expecting 3501732770

2019-10-14 16:16:13,783 - [INFO] - from org.deeplearning4j.nn.graph.ComputationGraph in main
				
Starting ComputationGraph with WorkspaceModes set to [training: NONE; inference: SINGLE]

2019-10-14 16:38:10,570 - [INFO] - from org.deeplearning4j.zoo.ZooModel in main
				
Using cached model at /home/cesarsv/.deeplearning4j/vgg16_dl4j_inference.zip

2019-10-14 16:38:10,572 - [INFO] - from org.deeplearning4j.zoo.ZooModel in main
				
Verifying download...

2019-10-14 16:38:10,880 - [INFO] - from org.deeplearning4j.zoo.ZooModel in main
				
Checksum local is 3501732770, expecting 3501732770

2019-10-14 16:38:24,244 - [INFO] - from org.deeplearning4j.nn.graph.ComputationGraph in main
				
Starting ComputationGraph with WorkspaceModes set to [training: NONE; inference: SINGLE]

